{"C:\\Users\\Asus\\Documents\\Hactiv8\\Phase-3\\dewa-kipas-final-project\\server\\app.js": {"path":"C:\\Users\\Asus\\Documents\\Hactiv8\\Phase-3\\dewa-kipas-final-project\\server\\app.js","statementMap":{"0":{"start":{"line":1,"column":0},"end":{"line":3,"column":1}},"1":{"start":{"line":2,"column":2},"end":{"line":2,"column":29}},"2":{"start":{"line":4,"column":16},"end":{"line":4,"column":34}},"3":{"start":{"line":5,"column":13},"end":{"line":5,"column":28}},"4":{"start":{"line":6,"column":15},"end":{"line":6,"column":40}},"5":{"start":{"line":7,"column":19},"end":{"line":7,"column":56}},"6":{"start":{"line":8,"column":12},"end":{"line":8,"column":21}},"7":{"start":{"line":10,"column":0},"end":{"line":10,"column":16}},"8":{"start":{"line":11,"column":0},"end":{"line":11,"column":24}},"9":{"start":{"line":12,"column":0},"end":{"line":12,"column":49}},"10":{"start":{"line":14,"column":0},"end":{"line":14,"column":21}},"11":{"start":{"line":16,"column":0},"end":{"line":16,"column":20}},"12":{"start":{"line":18,"column":0},"end":{"line":18,"column":21}}},"fnMap":{},"branchMap":{"0":{"loc":{"start":{"line":1,"column":0},"end":{"line":3,"column":1}},"type":"if","locations":[{"start":{"line":1,"column":0},"end":{"line":3,"column":1}},{"start":{"line":1,"column":0},"end":{"line":3,"column":1}}],"line":1}},"s":{"0":2,"1":2,"2":2,"3":2,"4":2,"5":2,"6":2,"7":2,"8":2,"9":2,"10":2,"11":2,"12":2},"f":{},"b":{"0":[2,0]},"_coverageSchema":"1a1c01bbd47fc00a2c39e90264f33305004495a9","hash":"0093319d5bb06bad0fc7108ea532b932bbe0ae49"}
,"C:\\Users\\Asus\\Documents\\Hactiv8\\Phase-3\\dewa-kipas-final-project\\server\\config\\config.js": {"path":"C:\\Users\\Asus\\Documents\\Hactiv8\\Phase-3\\dewa-kipas-final-project\\server\\config\\config.js","statementMap":{"0":{"start":{"line":1,"column":10},"end":{"line":1,"column":47}},"1":{"start":{"line":3,"column":0},"end":{"line":5,"column":1}},"2":{"start":{"line":4,"column":2},"end":{"line":4,"column":29}},"3":{"start":{"line":7,"column":0},"end":{"line":29,"column":2}}},"fnMap":{},"branchMap":{"0":{"loc":{"start":{"line":1,"column":10},"end":{"line":1,"column":47}},"type":"binary-expr","locations":[{"start":{"line":1,"column":10},"end":{"line":1,"column":30}},{"start":{"line":1,"column":34},"end":{"line":1,"column":47}}],"line":1},"1":{"loc":{"start":{"line":3,"column":0},"end":{"line":5,"column":1}},"type":"if","locations":[{"start":{"line":3,"column":0},"end":{"line":5,"column":1}},{"start":{"line":3,"column":0},"end":{"line":5,"column":1}}],"line":3},"2":{"loc":{"start":{"line":3,"column":4},"end":{"line":3,"column":43}},"type":"binary-expr","locations":[{"start":{"line":3,"column":4},"end":{"line":3,"column":25}},{"start":{"line":3,"column":29},"end":{"line":3,"column":43}}],"line":3}},"s":{"0":2,"1":2,"2":2,"3":2},"f":{},"b":{"0":[2,0],"1":[2,0],"2":[2,2]},"_coverageSchema":"1a1c01bbd47fc00a2c39e90264f33305004495a9","hash":"1d2a3afa07bb4e1325966d78c4c4163ddc9e5d62"}
,"C:\\Users\\Asus\\Documents\\Hactiv8\\Phase-3\\dewa-kipas-final-project\\server\\controllers\\historyController.js": {"path":"C:\\Users\\Asus\\Documents\\Hactiv8\\Phase-3\\dewa-kipas-final-project\\server\\controllers\\historyController.js","statementMap":{"0":{"start":{"line":1,"column":20},"end":{"line":1,"column":40}},"1":{"start":{"line":2,"column":15},"end":{"line":2,"column":35}},"2":{"start":{"line":5,"column":45},"end":{"line":5,"column":53}},"3":{"start":{"line":6,"column":4},"end":{"line":8,"column":5}},"4":{"start":{"line":7,"column":6},"end":{"line":7,"column":72}},"5":{"start":{"line":9,"column":4},"end":{"line":22,"column":33}},"6":{"start":{"line":15,"column":8},"end":{"line":20,"column":11}},"7":{"start":{"line":22,"column":22},"end":{"line":22,"column":31}},"8":{"start":{"line":26,"column":4},"end":{"line":40,"column":9}},"9":{"start":{"line":32,"column":8},"end":{"line":32,"column":33}},"10":{"start":{"line":33,"column":8},"end":{"line":34,"column":65}},"11":{"start":{"line":34,"column":10},"end":{"line":34,"column":65}},"12":{"start":{"line":35,"column":8},"end":{"line":35,"column":40}},"13":{"start":{"line":38,"column":8},"end":{"line":38,"column":35}},"14":{"start":{"line":39,"column":8},"end":{"line":39,"column":18}},"15":{"start":{"line":44,"column":0},"end":{"line":44,"column":35}}},"fnMap":{"0":{"name":"(anonymous_0)","decl":{"start":{"line":4,"column":2},"end":{"line":4,"column":3}},"loc":{"start":{"line":4,"column":36},"end":{"line":23,"column":3}},"line":4},"1":{"name":"(anonymous_1)","decl":{"start":{"line":14,"column":12},"end":{"line":14,"column":13}},"loc":{"start":{"line":14,"column":25},"end":{"line":21,"column":7}},"line":14},"2":{"name":"(anonymous_2)","decl":{"start":{"line":22,"column":13},"end":{"line":22,"column":14}},"loc":{"start":{"line":22,"column":22},"end":{"line":22,"column":31}},"line":22},"3":{"name":"(anonymous_3)","decl":{"start":{"line":25,"column":2},"end":{"line":25,"column":3}},"loc":{"start":{"line":25,"column":41},"end":{"line":41,"column":3}},"line":25},"4":{"name":"(anonymous_4)","decl":{"start":{"line":31,"column":12},"end":{"line":31,"column":13}},"loc":{"start":{"line":31,"column":27},"end":{"line":36,"column":7}},"line":31},"5":{"name":"(anonymous_5)","decl":{"start":{"line":37,"column":13},"end":{"line":37,"column":14}},"loc":{"start":{"line":37,"column":22},"end":{"line":40,"column":7}},"line":37}},"branchMap":{"0":{"loc":{"start":{"line":6,"column":4},"end":{"line":8,"column":5}},"type":"if","locations":[{"start":{"line":6,"column":4},"end":{"line":8,"column":5}},{"start":{"line":6,"column":4},"end":{"line":8,"column":5}}],"line":6},"1":{"loc":{"start":{"line":6,"column":8},"end":{"line":6,"column":43}},"type":"binary-expr","locations":[{"start":{"line":6,"column":8},"end":{"line":6,"column":18}},{"start":{"line":6,"column":22},"end":{"line":6,"column":32}},{"start":{"line":6,"column":36},"end":{"line":6,"column":43}}],"line":6},"2":{"loc":{"start":{"line":33,"column":8},"end":{"line":34,"column":65}},"type":"if","locations":[{"start":{"line":33,"column":8},"end":{"line":34,"column":65}},{"start":{"line":33,"column":8},"end":{"line":34,"column":65}}],"line":33}},"s":{"0":2,"1":2,"2":5,"3":5,"4":4,"5":1,"6":1,"7":0,"8":2,"9":2,"10":2,"11":1,"12":1,"13":1,"14":1,"15":2},"f":{"0":5,"1":1,"2":0,"3":2,"4":2,"5":1},"b":{"0":[4,1],"1":[5,3,2],"2":[1,1]},"_coverageSchema":"1a1c01bbd47fc00a2c39e90264f33305004495a9","hash":"441ba2bc0f4c2e6d231071400447351b1587e334"}
,"C:\\Users\\Asus\\Documents\\Hactiv8\\Phase-3\\dewa-kipas-final-project\\server\\controllers\\userController.js": {"path":"C:\\Users\\Asus\\Documents\\Hactiv8\\Phase-3\\dewa-kipas-final-project\\server\\controllers\\userController.js","statementMap":{"0":{"start":{"line":1,"column":17},"end":{"line":1,"column":37}},"1":{"start":{"line":2,"column":28},"end":{"line":2,"column":56}},"2":{"start":{"line":3,"column":22},"end":{"line":3,"column":47}},"3":{"start":{"line":6,"column":42},"end":{"line":6,"column":50}},"4":{"start":{"line":7,"column":4},"end":{"line":20,"column":33}},"5":{"start":{"line":13,"column":8},"end":{"line":18,"column":10}},"6":{"start":{"line":20,"column":22},"end":{"line":20,"column":31}},"7":{"start":{"line":23,"column":32},"end":{"line":23,"column":40}},"8":{"start":{"line":24,"column":4},"end":{"line":24,"column":75}},"9":{"start":{"line":24,"column":16},"end":{"line":24,"column":75}},"10":{"start":{"line":25,"column":4},"end":{"line":49,"column":33}},"11":{"start":{"line":31,"column":8},"end":{"line":32,"column":76}},"12":{"start":{"line":32,"column":10},"end":{"line":32,"column":76}},"13":{"start":{"line":33,"column":8},"end":{"line":34,"column":72}},"14":{"start":{"line":34,"column":10},"end":{"line":34,"column":72}},"15":{"start":{"line":35,"column":22},"end":{"line":35,"column":62}},"16":{"start":{"line":36,"column":8},"end":{"line":37,"column":76}},"17":{"start":{"line":37,"column":10},"end":{"line":37,"column":76}},"18":{"start":{"line":38,"column":29},"end":{"line":44,"column":10}},"19":{"start":{"line":45,"column":8},"end":{"line":47,"column":78}},"20":{"start":{"line":49,"column":22},"end":{"line":49,"column":31}},"21":{"start":{"line":52,"column":4},"end":{"line":54,"column":33}},"22":{"start":{"line":53,"column":23},"end":{"line":53,"column":50}},"23":{"start":{"line":54,"column":22},"end":{"line":54,"column":31}},"24":{"start":{"line":58,"column":0},"end":{"line":58,"column":32}}},"fnMap":{"0":{"name":"(anonymous_0)","decl":{"start":{"line":5,"column":2},"end":{"line":5,"column":3}},"loc":{"start":{"line":5,"column":34},"end":{"line":21,"column":3}},"line":5},"1":{"name":"(anonymous_1)","decl":{"start":{"line":12,"column":12},"end":{"line":12,"column":13}},"loc":{"start":{"line":13,"column":8},"end":{"line":18,"column":10}},"line":13},"2":{"name":"(anonymous_2)","decl":{"start":{"line":20,"column":13},"end":{"line":20,"column":14}},"loc":{"start":{"line":20,"column":22},"end":{"line":20,"column":31}},"line":20},"3":{"name":"(anonymous_3)","decl":{"start":{"line":22,"column":2},"end":{"line":22,"column":3}},"loc":{"start":{"line":22,"column":31},"end":{"line":50,"column":3}},"line":22},"4":{"name":"(anonymous_4)","decl":{"start":{"line":30,"column":12},"end":{"line":30,"column":13}},"loc":{"start":{"line":30,"column":22},"end":{"line":48,"column":7}},"line":30},"5":{"name":"(anonymous_5)","decl":{"start":{"line":49,"column":13},"end":{"line":49,"column":14}},"loc":{"start":{"line":49,"column":22},"end":{"line":49,"column":31}},"line":49},"6":{"name":"(anonymous_6)","decl":{"start":{"line":51,"column":2},"end":{"line":51,"column":3}},"loc":{"start":{"line":51,"column":40},"end":{"line":55,"column":3}},"line":51},"7":{"name":"(anonymous_7)","decl":{"start":{"line":53,"column":12},"end":{"line":53,"column":13}},"loc":{"start":{"line":53,"column":23},"end":{"line":53,"column":50}},"line":53},"8":{"name":"(anonymous_8)","decl":{"start":{"line":54,"column":13},"end":{"line":54,"column":14}},"loc":{"start":{"line":54,"column":22},"end":{"line":54,"column":31}},"line":54}},"branchMap":{"0":{"loc":{"start":{"line":24,"column":4},"end":{"line":24,"column":75}},"type":"if","locations":[{"start":{"line":24,"column":4},"end":{"line":24,"column":75}},{"start":{"line":24,"column":4},"end":{"line":24,"column":75}}],"line":24},"1":{"loc":{"start":{"line":31,"column":8},"end":{"line":32,"column":76}},"type":"if","locations":[{"start":{"line":31,"column":8},"end":{"line":32,"column":76}},{"start":{"line":31,"column":8},"end":{"line":32,"column":76}}],"line":31},"2":{"loc":{"start":{"line":33,"column":8},"end":{"line":34,"column":72}},"type":"if","locations":[{"start":{"line":33,"column":8},"end":{"line":34,"column":72}},{"start":{"line":33,"column":8},"end":{"line":34,"column":72}}],"line":33},"3":{"loc":{"start":{"line":36,"column":8},"end":{"line":37,"column":76}},"type":"if","locations":[{"start":{"line":36,"column":8},"end":{"line":37,"column":76}},{"start":{"line":36,"column":8},"end":{"line":37,"column":76}}],"line":36}},"s":{"0":2,"1":2,"2":2,"3":5,"4":5,"5":1,"6":4,"7":6,"8":6,"9":1,"10":5,"11":5,"12":2,"13":3,"14":1,"15":2,"16":2,"17":1,"18":1,"19":1,"20":4,"21":1,"22":1,"23":0,"24":2},"f":{"0":5,"1":1,"2":4,"3":6,"4":5,"5":4,"6":1,"7":1,"8":0},"b":{"0":[1,5],"1":[2,3],"2":[1,2],"3":[1,1]},"_coverageSchema":"1a1c01bbd47fc00a2c39e90264f33305004495a9","hash":"d595a292dc50d8325260d50a9992046d2fdec593"}
,"C:\\Users\\Asus\\Documents\\Hactiv8\\Phase-3\\dewa-kipas-final-project\\server\\helpers\\bcrypt.js": {"path":"C:\\Users\\Asus\\Documents\\Hactiv8\\Phase-3\\dewa-kipas-final-project\\server\\helpers\\bcrypt.js","statementMap":{"0":{"start":{"line":2,"column":15},"end":{"line":2,"column":32}},"1":{"start":{"line":5,"column":15},"end":{"line":5,"column":37}},"2":{"start":{"line":6,"column":2},"end":{"line":6,"column":40}},"3":{"start":{"line":10,"column":2},"end":{"line":10,"column":43}},"4":{"start":{"line":14,"column":0},"end":{"line":17,"column":1}}},"fnMap":{"0":{"name":"hashPassword","decl":{"start":{"line":4,"column":9},"end":{"line":4,"column":21}},"loc":{"start":{"line":4,"column":32},"end":{"line":7,"column":1}},"line":4},"1":{"name":"comparePassword","decl":{"start":{"line":9,"column":9},"end":{"line":9,"column":24}},"loc":{"start":{"line":9,"column":41},"end":{"line":11,"column":1}},"line":9}},"branchMap":{},"s":{"0":2,"1":6,"2":6,"3":2,"4":2},"f":{"0":6,"1":2},"b":{},"_coverageSchema":"1a1c01bbd47fc00a2c39e90264f33305004495a9","hash":"f61fb5a7bf4a97714043846b8ff138ed752f07b1"}
,"C:\\Users\\Asus\\Documents\\Hactiv8\\Phase-3\\dewa-kipas-final-project\\server\\helpers\\jwt.js": {"path":"C:\\Users\\Asus\\Documents\\Hactiv8\\Phase-3\\dewa-kipas-final-project\\server\\helpers\\jwt.js","statementMap":{"0":{"start":{"line":1,"column":12},"end":{"line":1,"column":35}},"1":{"start":{"line":4,"column":2},"end":{"line":4,"column":46}},"2":{"start":{"line":7,"column":0},"end":{"line":7,"column":30}}},"fnMap":{"0":{"name":"generateToken","decl":{"start":{"line":3,"column":9},"end":{"line":3,"column":22}},"loc":{"start":{"line":3,"column":32},"end":{"line":5,"column":1}},"line":3}},"branchMap":{},"s":{"0":2,"1":4,"2":2},"f":{"0":4},"b":{},"_coverageSchema":"1a1c01bbd47fc00a2c39e90264f33305004495a9","hash":"8d6bfb0df1cc3da9c2769303af8d2dca3be38677"}
,"C:\\Users\\Asus\\Documents\\Hactiv8\\Phase-3\\dewa-kipas-final-project\\server\\middlewares\\authenticate.js": {"path":"C:\\Users\\Asus\\Documents\\Hactiv8\\Phase-3\\dewa-kipas-final-project\\server\\middlewares\\authenticate.js","statementMap":{"0":{"start":{"line":1,"column":12},"end":{"line":1,"column":35}},"1":{"start":{"line":3,"column":21},"end":{"line":13,"column":1}},"2":{"start":{"line":4,"column":2},"end":{"line":12,"column":3}},"3":{"start":{"line":5,"column":25},"end":{"line":5,"column":49}},"4":{"start":{"line":6,"column":20},"end":{"line":6,"column":64}},"5":{"start":{"line":8,"column":4},"end":{"line":8,"column":26}},"6":{"start":{"line":9,"column":4},"end":{"line":9,"column":11}},"7":{"start":{"line":11,"column":4},"end":{"line":11,"column":66}},"8":{"start":{"line":15,"column":0},"end":{"line":15,"column":30}}},"fnMap":{"0":{"name":"(anonymous_0)","decl":{"start":{"line":3,"column":21},"end":{"line":3,"column":22}},"loc":{"start":{"line":3,"column":41},"end":{"line":13,"column":1}},"line":3}},"branchMap":{},"s":{"0":2,"1":2,"2":11,"3":11,"4":11,"5":8,"6":8,"7":3,"8":2},"f":{"0":11},"b":{},"_coverageSchema":"1a1c01bbd47fc00a2c39e90264f33305004495a9","hash":"491912271ff3b8f5ae02a19c6ddf304450e11c01"}
,"C:\\Users\\Asus\\Documents\\Hactiv8\\Phase-3\\dewa-kipas-final-project\\server\\middlewares\\errorHandler.js": {"path":"C:\\Users\\Asus\\Documents\\Hactiv8\\Phase-3\\dewa-kipas-final-project\\server\\middlewares\\errorHandler.js","statementMap":{"0":{"start":{"line":1,"column":19},"end":{"line":45,"column":1}},"1":{"start":{"line":3,"column":19},"end":{"line":3,"column":22}},"2":{"start":{"line":4,"column":18},"end":{"line":4,"column":33}},"3":{"start":{"line":5,"column":16},"end":{"line":5,"column":39}},"4":{"start":{"line":7,"column":2},"end":{"line":43,"column":3}},"5":{"start":{"line":9,"column":6},"end":{"line":9,"column":23}},"6":{"start":{"line":10,"column":6},"end":{"line":10,"column":37}},"7":{"start":{"line":11,"column":6},"end":{"line":11,"column":19}},"8":{"start":{"line":12,"column":6},"end":{"line":14,"column":9}},"9":{"start":{"line":13,"column":8},"end":{"line":13,"column":33}},"10":{"start":{"line":15,"column":6},"end":{"line":15,"column":12}},"11":{"start":{"line":18,"column":6},"end":{"line":18,"column":23}},"12":{"start":{"line":19,"column":6},"end":{"line":19,"column":27}},"13":{"start":{"line":20,"column":6},"end":{"line":20,"column":28}},"14":{"start":{"line":21,"column":6},"end":{"line":21,"column":12}},"15":{"start":{"line":24,"column":6},"end":{"line":24,"column":23}},"16":{"start":{"line":25,"column":6},"end":{"line":25,"column":37}},"17":{"start":{"line":26,"column":6},"end":{"line":26,"column":28}},"18":{"start":{"line":27,"column":6},"end":{"line":27,"column":12}},"19":{"start":{"line":30,"column":6},"end":{"line":30,"column":23}},"20":{"start":{"line":31,"column":6},"end":{"line":31,"column":27}},"21":{"start":{"line":32,"column":6},"end":{"line":32,"column":28}},"22":{"start":{"line":33,"column":6},"end":{"line":33,"column":12}},"23":{"start":{"line":36,"column":6},"end":{"line":36,"column":23}},"24":{"start":{"line":37,"column":6},"end":{"line":37,"column":27}},"25":{"start":{"line":38,"column":6},"end":{"line":38,"column":28}},"26":{"start":{"line":39,"column":6},"end":{"line":39,"column":12}},"27":{"start":{"line":42,"column":6},"end":{"line":42,"column":12}},"28":{"start":{"line":44,"column":2},"end":{"line":44,"column":61}},"29":{"start":{"line":47,"column":0},"end":{"line":47,"column":28}}},"fnMap":{"0":{"name":"(anonymous_0)","decl":{"start":{"line":1,"column":19},"end":{"line":1,"column":20}},"loc":{"start":{"line":1,"column":50},"end":{"line":45,"column":1}},"line":1},"1":{"name":"(anonymous_1)","decl":{"start":{"line":12,"column":25},"end":{"line":12,"column":26}},"loc":{"start":{"line":12,"column":33},"end":{"line":14,"column":7}},"line":12}},"branchMap":{"0":{"loc":{"start":{"line":7,"column":2},"end":{"line":43,"column":3}},"type":"switch","locations":[{"start":{"line":8,"column":4},"end":{"line":15,"column":12}},{"start":{"line":17,"column":4},"end":{"line":21,"column":12}},{"start":{"line":23,"column":4},"end":{"line":27,"column":12}},{"start":{"line":29,"column":4},"end":{"line":33,"column":12}},{"start":{"line":35,"column":4},"end":{"line":39,"column":12}},{"start":{"line":41,"column":4},"end":{"line":42,"column":12}}],"line":7}},"s":{"0":2,"1":17,"2":17,"3":17,"4":17,"5":3,"6":3,"7":3,"8":3,"9":8,"10":3,"11":1,"12":1,"13":1,"14":1,"15":9,"16":9,"17":9,"18":9,"19":3,"20":3,"21":3,"22":3,"23":1,"24":1,"25":1,"26":1,"27":0,"28":17,"29":2},"f":{"0":17,"1":8},"b":{"0":[3,1,9,3,1,0]},"_coverageSchema":"1a1c01bbd47fc00a2c39e90264f33305004495a9","hash":"ad90f8d0174079969f30e78ecc78af21dec0aa7d"}
,"C:\\Users\\Asus\\Documents\\Hactiv8\\Phase-3\\dewa-kipas-final-project\\server\\models\\history.js": {"path":"C:\\Users\\Asus\\Documents\\Hactiv8\\Phase-3\\dewa-kipas-final-project\\server\\models\\history.js","statementMap":{"0":{"start":{"line":2,"column":18},"end":{"line":2,"column":38}},"1":{"start":{"line":3,"column":0},"end":{"line":40,"column":2}},"2":{"start":{"line":12,"column":6},"end":{"line":12,"column":65}},"3":{"start":{"line":13,"column":6},"end":{"line":13,"column":65}},"4":{"start":{"line":16,"column":2},"end":{"line":38,"column":4}},"5":{"start":{"line":39,"column":2},"end":{"line":39,"column":17}}},"fnMap":{"0":{"name":"(anonymous_0)","decl":{"start":{"line":3,"column":17},"end":{"line":3,"column":18}},"loc":{"start":{"line":3,"column":43},"end":{"line":40,"column":1}},"line":3},"1":{"name":"(anonymous_1)","decl":{"start":{"line":10,"column":4},"end":{"line":10,"column":5}},"loc":{"start":{"line":10,"column":29},"end":{"line":14,"column":5}},"line":10}},"branchMap":{},"s":{"0":2,"1":2,"2":2,"3":2,"4":2,"5":2},"f":{"0":2,"1":2},"b":{},"_coverageSchema":"1a1c01bbd47fc00a2c39e90264f33305004495a9","hash":"570fd1f02096ac93b706b429ca49a61dda534d31"}
,"C:\\Users\\Asus\\Documents\\Hactiv8\\Phase-3\\dewa-kipas-final-project\\server\\models\\index.js": {"path":"C:\\Users\\Asus\\Documents\\Hactiv8\\Phase-3\\dewa-kipas-final-project\\server\\models\\index.js","statementMap":{"0":{"start":{"line":3,"column":11},"end":{"line":3,"column":24}},"1":{"start":{"line":4,"column":13},"end":{"line":4,"column":28}},"2":{"start":{"line":5,"column":18},"end":{"line":5,"column":38}},"3":{"start":{"line":6,"column":17},"end":{"line":6,"column":42}},"4":{"start":{"line":7,"column":12},"end":{"line":7,"column":49}},"5":{"start":{"line":8,"column":15},"end":{"line":8,"column":63}},"6":{"start":{"line":9,"column":11},"end":{"line":9,"column":13}},"7":{"start":{"line":12,"column":0},"end":{"line":21,"column":1}},"8":{"start":{"line":13,"column":2},"end":{"line":13,"column":74}},"9":{"start":{"line":15,"column":2},"end":{"line":20,"column":4}},"10":{"start":{"line":23,"column":0},"end":{"line":35,"column":5}},"11":{"start":{"line":25,"column":4},"end":{"line":27,"column":6}},"12":{"start":{"line":30,"column":18},"end":{"line":33,"column":5}},"13":{"start":{"line":34,"column":4},"end":{"line":34,"column":27}},"14":{"start":{"line":37,"column":0},"end":{"line":41,"column":3}},"15":{"start":{"line":38,"column":2},"end":{"line":40,"column":3}},"16":{"start":{"line":39,"column":4},"end":{"line":39,"column":32}},"17":{"start":{"line":43,"column":0},"end":{"line":43,"column":25}},"18":{"start":{"line":44,"column":0},"end":{"line":44,"column":25}},"19":{"start":{"line":46,"column":0},"end":{"line":46,"column":20}}},"fnMap":{"0":{"name":"(anonymous_0)","decl":{"start":{"line":24,"column":10},"end":{"line":24,"column":11}},"loc":{"start":{"line":24,"column":20},"end":{"line":28,"column":3}},"line":24},"1":{"name":"(anonymous_1)","decl":{"start":{"line":29,"column":11},"end":{"line":29,"column":12}},"loc":{"start":{"line":29,"column":21},"end":{"line":35,"column":3}},"line":29},"2":{"name":"(anonymous_2)","decl":{"start":{"line":37,"column":24},"end":{"line":37,"column":25}},"loc":{"start":{"line":37,"column":39},"end":{"line":41,"column":1}},"line":37}},"branchMap":{"0":{"loc":{"start":{"line":7,"column":12},"end":{"line":7,"column":49}},"type":"binary-expr","locations":[{"start":{"line":7,"column":12},"end":{"line":7,"column":32}},{"start":{"line":7,"column":36},"end":{"line":7,"column":49}}],"line":7},"1":{"loc":{"start":{"line":12,"column":0},"end":{"line":21,"column":1}},"type":"if","locations":[{"start":{"line":12,"column":0},"end":{"line":21,"column":1}},{"start":{"line":12,"column":0},"end":{"line":21,"column":1}}],"line":12},"2":{"loc":{"start":{"line":26,"column":6},"end":{"line":26,"column":78}},"type":"binary-expr","locations":[{"start":{"line":26,"column":6},"end":{"line":26,"column":29}},{"start":{"line":26,"column":33},"end":{"line":26,"column":50}},{"start":{"line":26,"column":54},"end":{"line":26,"column":78}}],"line":26},"3":{"loc":{"start":{"line":38,"column":2},"end":{"line":40,"column":3}},"type":"if","locations":[{"start":{"line":38,"column":2},"end":{"line":40,"column":3}},{"start":{"line":38,"column":2},"end":{"line":40,"column":3}}],"line":38}},"s":{"0":2,"1":2,"2":2,"3":2,"4":2,"5":2,"6":2,"7":2,"8":0,"9":2,"10":2,"11":6,"12":4,"13":4,"14":2,"15":4,"16":4,"17":2,"18":2,"19":2},"f":{"0":6,"1":4,"2":4},"b":{"0":[2,0],"1":[0,2],"2":[6,6,4],"3":[4,0]},"_coverageSchema":"1a1c01bbd47fc00a2c39e90264f33305004495a9","hash":"67dda693976f72ef4c53267d724db3957488f9f1"}
,"C:\\Users\\Asus\\Documents\\Hactiv8\\Phase-3\\dewa-kipas-final-project\\server\\models\\user.js": {"path":"C:\\Users\\Asus\\Documents\\Hactiv8\\Phase-3\\dewa-kipas-final-project\\server\\models\\user.js","statementMap":{"0":{"start":{"line":2,"column":18},"end":{"line":2,"column":38}},"1":{"start":{"line":3,"column":25},"end":{"line":3,"column":53}},"2":{"start":{"line":4,"column":0},"end":{"line":89,"column":2}},"3":{"start":{"line":13,"column":6},"end":{"line":13,"column":63}},"4":{"start":{"line":14,"column":6},"end":{"line":14,"column":63}},"5":{"start":{"line":17,"column":2},"end":{"line":78,"column":4}},"6":{"start":{"line":79,"column":2},"end":{"line":81,"column":5}},"7":{"start":{"line":80,"column":4},"end":{"line":80,"column":56}},"8":{"start":{"line":82,"column":2},"end":{"line":84,"column":5}},"9":{"start":{"line":83,"column":4},"end":{"line":83,"column":36}},"10":{"start":{"line":85,"column":2},"end":{"line":87,"column":5}},"11":{"start":{"line":86,"column":4},"end":{"line":86,"column":27}},"12":{"start":{"line":88,"column":2},"end":{"line":88,"column":14}}},"fnMap":{"0":{"name":"(anonymous_0)","decl":{"start":{"line":4,"column":17},"end":{"line":4,"column":18}},"loc":{"start":{"line":4,"column":43},"end":{"line":89,"column":1}},"line":4},"1":{"name":"(anonymous_1)","decl":{"start":{"line":11,"column":4},"end":{"line":11,"column":5}},"loc":{"start":{"line":11,"column":29},"end":{"line":15,"column":5}},"line":11},"2":{"name":"(anonymous_2)","decl":{"start":{"line":79,"column":31},"end":{"line":79,"column":32}},"loc":{"start":{"line":79,"column":50},"end":{"line":81,"column":3}},"line":79},"3":{"name":"(anonymous_3)","decl":{"start":{"line":82,"column":31},"end":{"line":82,"column":32}},"loc":{"start":{"line":82,"column":50},"end":{"line":84,"column":3}},"line":82},"4":{"name":"(anonymous_4)","decl":{"start":{"line":85,"column":31},"end":{"line":85,"column":32}},"loc":{"start":{"line":85,"column":50},"end":{"line":87,"column":3}},"line":85}},"branchMap":{},"s":{"0":2,"1":2,"2":2,"3":2,"4":2,"5":2,"6":2,"7":6,"8":2,"9":6,"10":2,"11":6,"12":2},"f":{"0":2,"1":2,"2":6,"3":6,"4":6},"b":{},"_coverageSchema":"1a1c01bbd47fc00a2c39e90264f33305004495a9","hash":"1dbac1cb898f824598d15681887341aed08e0d1b"}
,"C:\\Users\\Asus\\Documents\\Hactiv8\\Phase-3\\dewa-kipas-final-project\\server\\routes\\historyRouter.js": {"path":"C:\\Users\\Asus\\Documents\\Hactiv8\\Phase-3\\dewa-kipas-final-project\\server\\routes\\historyRouter.js","statementMap":{"0":{"start":{"line":1,"column":15},"end":{"line":1,"column":42}},"1":{"start":{"line":2,"column":26},"end":{"line":2,"column":69}},"2":{"start":{"line":3,"column":21},"end":{"line":3,"column":59}},"3":{"start":{"line":5,"column":0},"end":{"line":5,"column":25}},"4":{"start":{"line":6,"column":0},"end":{"line":6,"column":47}},"5":{"start":{"line":7,"column":0},"end":{"line":7,"column":54}},"6":{"start":{"line":9,"column":0},"end":{"line":9,"column":24}}},"fnMap":{},"branchMap":{},"s":{"0":2,"1":2,"2":2,"3":2,"4":2,"5":2,"6":2},"f":{},"b":{},"_coverageSchema":"1a1c01bbd47fc00a2c39e90264f33305004495a9","hash":"9a45581e906dc8356f05f474f13f049e3dbd19f0"}
,"C:\\Users\\Asus\\Documents\\Hactiv8\\Phase-3\\dewa-kipas-final-project\\server\\routes\\index.js": {"path":"C:\\Users\\Asus\\Documents\\Hactiv8\\Phase-3\\dewa-kipas-final-project\\server\\routes\\index.js","statementMap":{"0":{"start":{"line":1,"column":15},"end":{"line":1,"column":42}},"1":{"start":{"line":2,"column":19},"end":{"line":2,"column":42}},"2":{"start":{"line":3,"column":22},"end":{"line":3,"column":48}},"3":{"start":{"line":5,"column":0},"end":{"line":5,"column":33}},"4":{"start":{"line":6,"column":0},"end":{"line":6,"column":40}},"5":{"start":{"line":8,"column":0},"end":{"line":8,"column":24}}},"fnMap":{},"branchMap":{},"s":{"0":2,"1":2,"2":2,"3":2,"4":2,"5":2},"f":{},"b":{},"_coverageSchema":"1a1c01bbd47fc00a2c39e90264f33305004495a9","hash":"54799fa10ed877558cc009d2ce6d2cdd1062bf8a"}
,"C:\\Users\\Asus\\Documents\\Hactiv8\\Phase-3\\dewa-kipas-final-project\\server\\routes\\userRouter.js": {"path":"C:\\Users\\Asus\\Documents\\Hactiv8\\Phase-3\\dewa-kipas-final-project\\server\\routes\\userRouter.js","statementMap":{"0":{"start":{"line":1,"column":15},"end":{"line":1,"column":42}},"1":{"start":{"line":2,"column":23},"end":{"line":2,"column":63}},"2":{"start":{"line":3,"column":21},"end":{"line":3,"column":59}},"3":{"start":{"line":5,"column":0},"end":{"line":5,"column":50}},"4":{"start":{"line":6,"column":0},"end":{"line":6,"column":44}},"5":{"start":{"line":7,"column":0},"end":{"line":7,"column":72}},"6":{"start":{"line":9,"column":0},"end":{"line":9,"column":24}}},"fnMap":{},"branchMap":{},"s":{"0":2,"1":2,"2":2,"3":2,"4":2,"5":2,"6":2},"f":{},"b":{},"_coverageSchema":"1a1c01bbd47fc00a2c39e90264f33305004495a9","hash":"72b346cf023422f12993015227e60390a96981a7"}
}
